c:\users\nick\source\repos\itse1430\classwork\other classes\programmingassignment3\programmingassignment3\x64\debug\vc141.pdb
c:\users\nick\source\repos\itse1430\classwork\other classes\programmingassignment3\programmingassignment3\x64\debug\vc141.idb
c:\users\nick\source\repos\itse1430\classwork\other classes\programmingassignment3\programmingassignment3\x64\debug\todolist.obj
c:\users\nick\source\repos\itse1430\classwork\other classes\programmingassignment3\programmingassignment3\x64\debug\task.obj
c:\users\nick\source\repos\itse1430\classwork\other classes\programmingassignment3\programmingassignment3\x64\debug\main.obj
c:\users\nick\source\repos\itse1430\classwork\other classes\programmingassignment3\programmingassignment3\x64\debug\date.obj
c:\users\nick\source\repos\itse1430\classwork\other classes\programmingassignment3\x64\debug\pa3_nicholas_uramkin.ilk
c:\users\nick\source\repos\itse1430\classwork\other classes\programmingassignment3\x64\debug\pa3_nicholas_uramkin.exe
c:\users\nick\source\repos\itse1430\classwork\other classes\programmingassignment3\x64\debug\pa3_nicholas_uramkin.pdb
c:\users\nick\documents\github\portfolio\c++ projects\to do list application (programming iii assignment)\programmingassignment3\x64\debug\date.obj
c:\users\nick\documents\github\portfolio\c++ projects\to do list application (programming iii assignment)\programmingassignment3\x64\debug\main.obj
c:\users\nick\documents\github\portfolio\c++ projects\to do list application (programming iii assignment)\programmingassignment3\x64\debug\task.obj
c:\users\nick\documents\github\portfolio\c++ projects\to do list application (programming iii assignment)\programmingassignment3\x64\debug\todolist.obj
c:\users\nick\documents\github\portfolio\c++ projects\to do list application (programming iii assignment)\programmingassignment3\x64\debug\vc141.idb
c:\users\nick\documents\github\portfolio\c++ projects\to do list application (programming iii assignment)\programmingassignment3\x64\debug\vc141.pdb
c:\users\nick\documents\github\portfolio\c++ projects\to do list application (programming iii assignment)\x64\debug\pa3_nicholas_uramkin.pdb
c:\users\nick\documents\github\portfolio\c++ projects\to do list application (programming iii assignment)\x64\debug\pa3_nicholas_uramkin.exe
c:\users\nick\documents\github\portfolio\c++ projects\to do list application (programming iii assignment)\x64\debug\pa3_nicholas_uramkin.ilk
c:\users\nick\documents\github\portfolio\c++ projects\to do list application (programming iii assignment)\programmingassignment3\x64\debug\pa3_nich.c7e15b42.tlog\cl.command.1.tlog
c:\users\nick\documents\github\portfolio\c++ projects\to do list application (programming iii assignment)\programmingassignment3\x64\debug\pa3_nich.c7e15b42.tlog\cl.read.1.tlog
c:\users\nick\documents\github\portfolio\c++ projects\to do list application (programming iii assignment)\programmingassignment3\x64\debug\pa3_nich.c7e15b42.tlog\cl.write.1.tlog
c:\users\nick\documents\github\portfolio\c++ projects\to do list application (programming iii assignment)\programmingassignment3\x64\debug\pa3_nich.c7e15b42.tlog\link.command.1.tlog
c:\users\nick\documents\github\portfolio\c++ projects\to do list application (programming iii assignment)\programmingassignment3\x64\debug\pa3_nich.c7e15b42.tlog\link.read.1.tlog
c:\users\nick\documents\github\portfolio\c++ projects\to do list application (programming iii assignment)\programmingassignment3\x64\debug\pa3_nich.c7e15b42.tlog\link.write.1.tlog
